[debug] [2025-04-15T11:28:44.686Z] ----------------------------------------------------------------------
[debug] [2025-04-15T11:28:44.689Z] Command:       C:\Program Files\nodejs\node.exe C:\Users\di\AppData\Roaming\npm\node_modules\firebase-tools\lib\bin\firebase.js init
[debug] [2025-04-15T11:28:44.689Z] CLI Version:   14.1.0
[debug] [2025-04-15T11:28:44.690Z] Platform:      win32
[debug] [2025-04-15T11:28:44.690Z] Node Version:  v22.14.0
[debug] [2025-04-15T11:28:44.690Z] Time:          Tue Apr 15 2025 16:58:44 GMT+0530 (India Standard Time)
[debug] [2025-04-15T11:28:44.690Z] ----------------------------------------------------------------------
[debug] 
[debug] [2025-04-15T11:28:44.696Z] > command requires scopes: ["email","openid","https://www.googleapis.com/auth/cloudplatformprojects.readonly","https://www.googleapis.com/auth/firebase","https://www.googleapis.com/auth/cloud-platform"]
[debug] [2025-04-15T11:28:44.697Z] > authorizing via signed-in user (mayur.disolutions@gmail.com)
[info] 
     ######## #### ########  ######## ########     ###     ######  ########
     ##        ##  ##     ## ##       ##     ##  ##   ##  ##       ##
     ######    ##  ########  ######   ########  #########  ######  ######
     ##        ##  ##    ##  ##       ##     ## ##     ##       ## ##
     ##       #### ##     ## ######## ########  ##     ##  ######  ########

You're about to initialize a Firebase project in this directory:

  D:\MAYUR_GIT\React_Ionic_Chatting_App

[info] 
=== Project Setup
[info] 
[info] First, let's associate this project directory with a Firebase project.
[info] You can create multiple project aliases by running firebase use --add, 
[info] but for now we'll just set up a default project.
[info] 
[debug] [2025-04-15T11:28:58.148Z] Checked if tokens are valid: true, expires at: 1744720029864
[debug] [2025-04-15T11:28:58.148Z] Checked if tokens are valid: true, expires at: 1744720029864
[debug] [2025-04-15T11:28:58.150Z] >>> [apiv2][query] GET https://firebase.googleapis.com/v1beta1/projects pageSize=100
[debug] [2025-04-15T11:28:58.946Z] <<< [apiv2][status] GET https://firebase.googleapis.com/v1beta1/projects 200
[debug] [2025-04-15T11:28:58.946Z] <<< [apiv2][body] GET https://firebase.googleapis.com/v1beta1/projects [omitted]
[info] i  Using project chattingapp-1c39e (ChattingApp) 
[info] 
=== Hosting Setup
[debug] [2025-04-15T11:29:09.932Z] Checked if tokens are valid: true, expires at: 1744720029864
[debug] [2025-04-15T11:29:09.932Z] Checked if tokens are valid: true, expires at: 1744720029864
[debug] [2025-04-15T11:29:09.932Z] >>> [apiv2][query] GET https://firebase.googleapis.com/v1beta1/projects/chattingapp-1c39e [none]
[debug] [2025-04-15T11:29:10.402Z] <<< [apiv2][status] GET https://firebase.googleapis.com/v1beta1/projects/chattingapp-1c39e 200
[debug] [2025-04-15T11:29:10.403Z] <<< [apiv2][body] GET https://firebase.googleapis.com/v1beta1/projects/chattingapp-1c39e {"projectId":"chattingapp-1c39e","projectNumber":"602525144419","displayName":"ChattingApp","name":"projects/chattingapp-1c39e","resources":{"hostingSite":"chattingapp-1c39e"},"state":"ACTIVE","etag":"1_08cb219f-7dda-47e9-ae1a-7bff2e34a8c9"}
[info] 
[info] Your public directory is the folder (relative to your project directory) that
[info] will contain Hosting assets to be uploaded with firebase deploy. If you
[info] have a build process for your assets, use your build's output directory.
[info] 
